<?xml version="1.0" encoding="UTF-8"?>
<!-- Generated by org.testng.reporters.JUnitReportReporter -->
<testsuite hostname="LAPTOP-33D8O45U" failures="0" tests="1" name="devopssample.Test1" time="0.010" errors="0" timestamp="2023-08-05T20:54:23 IST" skipped="0">
  <testcase classname="devopssample.Test1" name="method1" time="0.010">
    <system-out>
      <![CDATA[hi am using for the first time reporter]]>
    </system-out>
  </testcase> <!-- method1 -->
  <system-out>
    <![CDATA[hi am using for the first time reporter]]>
  </system-out>
</testsuite> <!-- devopssample.Test1 -->
